<?xml version="1.0" encoding="UTF-8"?>
<testsuite name="com.liferay.upgrades.analyzer.graph.builder.ProjectsDependencyGraphBuilderTest" tests="5" skipped="0" failures="0" errors="0" timestamp="2024-06-17T16:45:25" hostname="MacBook-Pro-de-Prax.local" time="0.037">
  <properties/>
  <testcase name="testADependsOnBDependsOnC()" classname="com.liferay.upgrades.analyzer.graph.builder.ProjectsDependencyGraphBuilderTest" time="0.028"/>
  <testcase name="testADependsOnB()" classname="com.liferay.upgrades.analyzer.graph.builder.ProjectsDependencyGraphBuilderTest" time="0.002"/>
  <testcase name="testADependsOnBandC()" classname="com.liferay.upgrades.analyzer.graph.builder.ProjectsDependencyGraphBuilderTest" time="0.001"/>
  <testcase name="testADependsOnBandCD()" classname="com.liferay.upgrades.analyzer.graph.builder.ProjectsDependencyGraphBuilderTest" time="0.001"/>
  <testcase name="testWithNoDependencies()" classname="com.liferay.upgrades.analyzer.graph.builder.ProjectsDependencyGraphBuilderTest" time="0.001"/>
  <system-out><![CDATA[]]></system-out>
  <system-err><![CDATA[]]></system-err>
</testsuite>
